#
#                              ======================
#                              | THE SUSYHIT OUTPUT |
#                              ======================
#
#
#              ------------------------------------------------------
#              |     This is the output of the SUSY-HIT package     |
#              |  created by A.Djouadi, M.Muehlleitner and M.Spira. |
#              |  In case of problems with SUSY-HIT email to        |
#              |           margarete.muehlleitner@kit.edu           |
#              |           michael.spira@psi.ch                     |
#              |           abdelhak.djouadi@cern.ch                 |
#              ------------------------------------------------------
#
#              ------------------------------------------------------
#              |  SUSY Les Houches Accord - MSSM Spectrum + Decays  |
#              |              based on the decay programs           |
#              |                                                    |
#              |                     SDECAY 1.5a                    |
#              |                                                    |
#              |  Authors: M.Muhlleitner, A.Djouadi and Y.Mambrini  |
#              |  Ref.:    Comput.Phys.Commun.168(2005)46           |
#              |           [hep-ph/0311167]                         |
#              |                                                    |
#              |                     HDECAY 3.4                     |
#              |                                                    |
#              |  By: A.Djouadi,J.Kalinowski,M.Muhlleitner,M.Spira  |
#              |  Ref.:    Comput.Phys.Commun.108(1998)56           |
#              |           [hep-ph/9704448]                         |
#              |                                                    |
#              |                                                    |
#              |  If not stated otherwise all DRbar couplings and   |
#              |  soft SUSY breaking masses are given at the scale  |
#              |  Q=  0.15420779E+04
#              |                                                    |
#              ------------------------------------------------------
#
#
BLOCK DCINFO  # Decay Program information
     1   SDECAY/HDECAY # decay calculator
     2   1.5a /3.4    # version number
#
BLOCK SPINFO  # Spectrum calculator information
     1   SuSpect     # RGE +Spectrum calculator            
     2   2.43         # version number                     
#
BLOCK MODSEL  # Model selection
     0     0   #                                                   
#
BLOCK SMINPUTS  # Standard Model inputs
         1     1.27934000E+02   # alpha_em^-1(M_Z)^MSbar
         2     1.16639000E-05   # G_F [GeV^-2]
         3     1.17200000E-01   # alpha_S(M_Z)^MSbar
         4     9.11870000E+01   # M_Z pole mass
         5     4.25000000E+00   # mb(mb)^MSbar
         6     1.73000000E+02   # mt pole mass
         7     1.77700000E+00   # mtau pole mass
#
BLOCK MINPAR  # Input parameters - minimal models
         1     1.00000000E+02   # 2                   
         3     1.00000000E+01   # tanbeta(mZ)         
         4     1.00000000E+00   # sign(mu)            
#
BLOCK EXTPAR  # Input parameters - non-minimal models
         0     1.54207794E+03   # EWSB                
         1     3.50000000E+02   # M_1                 
         2     4.50000000E+02   # M_2                 
         3     1.50000000E+03   # M_3                 
        11    -3.00000000E+03   # A_t                 
        12    -1.00000000E+02   # A_b                 
        13    -2.51737263E+02   # A_tau               
        14    -6.77437438E+02   # A_u                 
        15    -8.59633345E+02   # A_d                 
        16    -2.53493493E+02   # A_e                 
        23     1.44045685E+02   # mu(EWSB)            
        25     3.00000000E+01   # tanbeta(in)         
        26     3.57083890E+02   # MA_pole             
        31     8.00000000E+02   # M_eL                
        32     8.00000000E+02   # M_muL               
        33     8.94701043E+02   # M_tauL              
        34     8.35972069E+02   # M_eR                
        35     8.35972069E+02   # M_muR               
        36     8.33500446E+02   # M_tauR              
        41     1.45887520E+03   # M_q1L               
        42     1.45887520E+03   # M_q2L               
        43     5.57055448E+02   # M_q3L               
        44     1.27854642E+03   # M_uR                
        45     5.27854642E+02   # M_cR                
        46     4.21596092E+03   # M_tR                
        47     1.25761034E+03   # M_dR                
        48     5.25761034E+03   # M_sR                
        49     5.22462473E+03   # M_bR                
#
BLOCK MASS  # Mass Spectrum
# PDG code           mass       particle
        24     8.04854438E+01   # W+
        25     1.24314225E+02   # h
        35     3.57204346E+02   # H
        36     3.57083890E+02   # A
        37     3.67019735E+02   # H+
         5     4.87877839E+00   # b-quark pole mass calculated from mb(mb)_Msbar
   1000001     1.51683710E+03   # ~d_L
   2000001     1.32039375E+03   # ~d_R
   1000002     1.51480915E+03   # ~u_L
   2000002     1.34002405E+03   # ~u_R
   1000003     1.51683710E+03   # ~s_L
   2000003     1.32039375E+03   # ~s_R
   1000004     1.51480915E+03   # ~c_L
   2000004     1.34002405E+03   # ~c_R
   1000005     6.52803516E+02   # ~b_1
   2000005     5.26235094E+03   # ~b_2
   1000006     7.77361828E+02   # ~t_1
   2000006     4.25019540E+03   # ~t_2
   1000011     8.01302158E+02   # ~e_L
   2000011     8.37131340E+02   # ~e_R
   1000012     7.97480578E+02   # ~nu_eL
   1000013     8.01302158E+02   # ~mu_L
   2000013     8.37131340E+02   # ~mu_R
   1000014     7.97480578E+02   # ~nu_muL
   1000015     8.34313106E+02   # ~tau_1
   2000015     8.96195084E+02   # ~tau_2
   1000016     8.92449006E+02   # ~nu_tauL
   1000021     1.59614551E+03   # ~g
   1000022     1.33011790E+02   # ~chi_10
   1000023    -1.53709928E+02   # ~chi_20
   1000025     3.50914111E+02   # ~chi_30
   1000035     4.79711253E+02   # ~chi_40
   1000024     1.41762948E+02   # ~chi_1+
   1000037     4.79429007E+02   # ~chi_2+
#
BLOCK NMIX  # Neutralino Mixing Matrix
  1  1     1.41743887E-01   # N_11
  1  2    -1.60811904E-01   # N_12
  1  3     7.22352229E-01   # N_13
  1  4    -6.57461375E-01   # N_14
  2  1     6.14664571E-02   # N_21
  2  2    -8.79801343E-02   # N_22
  2  3    -6.86344074E-01   # N_23
  2  4    -7.19314384E-01   # N_24
  3  1     9.86106241E-01   # N_31
  3  2     8.91925376E-02   # N_32
  3  3    -5.72012202E-02   # N_33
  3  4     1.27934330E-01   # N_34
  4  1     6.10329947E-02   # N_41
  4  2    -9.79001389E-01   # N_42
  4  3    -6.21859338E-02   # N_43
  4  4     1.84293691E-01   # N_44
#
BLOCK UMIX  # Chargino Mixing Matrix U
  1  1    -8.63065401E-02   # U_11
  1  2     9.96268629E-01   # U_12
  2  1     9.96268629E-01   # U_21
  2  2     8.63065401E-02   # U_22
#
BLOCK VMIX  # Chargino Mixing Matrix V
  1  1    -2.56331721E-01   # V_11
  1  2     9.66588873E-01   # V_12
  2  1     9.66588873E-01   # V_21
  2  2     2.56331721E-01   # V_22
#
BLOCK STOPMIX  # Stop Mixing Matrix
  1  1     9.99666885E-01   # cos(theta_t)
  1  2     2.58092819E-02   # sin(theta_t)
  2  1    -2.58092819E-02   # -sin(theta_t)
  2  2     9.99666885E-01   # cos(theta_t)
#
BLOCK SBOTMIX  # Sbottom Mixing Matrix
  1  1     9.99999915E-01   # cos(theta_b)
  1  2     4.12310554E-04   # sin(theta_b)
  2  1    -4.12310554E-04   # -sin(theta_b)
  2  2     9.99999915E-01   # cos(theta_b)
#
BLOCK STAUMIX  # Stau Mixing Matrix
  1  1     7.40605466E-02   # cos(theta_tau)
  1  2     9.97253747E-01   # sin(theta_tau)
  2  1    -9.97253747E-01   # -sin(theta_tau)
  2  2     7.40605466E-02   # cos(theta_tau)
#
BLOCK ALPHA  # Higgs mixing
          -4.16178758E-02   # Mixing angle in the neutral Higgs boson sector
#
BLOCK HMIX Q=  1.54207794E+03  # DRbar Higgs Parameters
         1     1.44045685E+02   # mu(Q)               
         2     2.91639422E+01   # tanbeta(Q)          
         3     2.42453926E+02   # vev(Q)              
         4     3.82217062E+05   # MA^2(Q)             
#
BLOCK GAUGE Q=  1.54207794E+03  # The gauge couplings
     1     3.63718344E-01   # gprime(Q) DRbar
     2     6.45546539E-01   # g(Q) DRbar
     3     1.04178668E+00   # g3(Q) DRbar
#
BLOCK AU Q=  1.54207794E+03  # The trilinear couplings
  1  1    -6.77437438E+02   # A_u(Q) DRbar
  2  2    -6.77437438E+02   # A_c(Q) DRbar
  3  3    -3.00000000E+03   # A_t(Q) DRbar
#
BLOCK AD Q=  1.54207794E+03  # The trilinear couplings
  1  1    -8.59633345E+02   # A_d(Q) DRbar
  2  2    -8.59633345E+02   # A_s(Q) DRbar
  3  3    -1.00000000E+02   # A_b(Q) DRbar
#
BLOCK AE Q=  1.54207794E+03  # The trilinear couplings
  1  1    -2.53493493E+02   # A_e(Q) DRbar
  2  2    -2.53493493E+02   # A_mu(Q) DRbar
  3  3    -2.51737263E+02   # A_tau(Q) DRbar
#
BLOCK Yu Q=  1.54207794E+03  # The Yukawa couplings
  1  1     0.00000000E+00   # y_u(Q) DRbar
  2  2     0.00000000E+00   # y_c(Q) DRbar
  3  3     8.40836243E-01   # y_t(Q) DRbar
#
BLOCK Yd Q=  1.54207794E+03  # The Yukawa couplings
  1  1     0.00000000E+00   # y_d(Q) DRbar
  2  2     0.00000000E+00   # y_s(Q) DRbar
  3  3     4.39766400E-01   # y_b(Q) DRbar
#
BLOCK Ye Q=  1.54207794E+03  # The Yukawa couplings
  1  1     0.00000000E+00   # y_e(Q) DRbar
  2  2     0.00000000E+00   # y_mu(Q) DRbar
  3  3     3.02340536E-01   # y_tau(Q) DRbar
#
BLOCK MSOFT Q=  1.54207794E+03  # The soft SUSY breaking masses at the scale Q
         1     3.50000000E+02   # M_1                 
         2     4.50000000E+02   # M_2                 
         3     1.50000000E+03   # M_3                 
        14    -6.77437438E+02   # A_u                 
        15    -8.59633345E+02   # A_d                 
        16    -2.53493493E+02   # A_e                 
        21    -2.09824168E+04   # M^2_Hd              
        22    -3.97001584E+05   # M^2_Hu              
        31     8.00000000E+02   # M_eL                
        32     8.00000000E+02   # M_muL               
        33     8.94701043E+02   # M_tauL              
        34     8.35972069E+02   # M_eR                
        35     8.35972069E+02   # M_muR               
        36     8.33500446E+02   # M_tauR              
        41     1.45887520E+03   # M_q1L               
        42     1.45887520E+03   # M_q2L               
        43     5.57055448E+02   # M_q3L               
        44     1.27854642E+03   # M_uR                
        45     1.27854642E+03   # M_cR                
        46     4.21596092E+03   # M_tR                
        47     1.25761034E+03   # M_dR                
        48     1.25761034E+03   # M_sR                
        49     5.22462473E+03   # M_bR                
#
#
#
#                             =================
#                             |The decay table|
#                             =================
#
# - The QCD corrections to the decays gluino -> squark  + quark
#                                     squark -> gaugino + quark_prime
#                                     squark -> squark_prime + Higgs
#                                     squark -> gluino  + quark
#   are included.
#
# - The multi-body decays for the inos, stops and sbottoms are included.
#
# - The loop induced decays for the gluino, neutralinos and stops
#   are included.
#
# - The SUSY decays of the top quark are included.
#
#
#         PDG            Width
DECAY         6     1.45741081E+00   # top decays
#          BR         NDA      ID1       ID2
     1.00000000E+00    2           5        24   # BR(t ->  b    W+)
#
#         PDG            Width
DECAY   1000021     5.45560389E+01   # gluino decays
#          BR         NDA      ID1       ID2
     2.86509304E-03    2     1000001        -1   # BR(~g -> ~d_L  db)
     2.86509304E-03    2    -1000001         1   # BR(~g -> ~d_L* d )
     3.04031858E-02    2     2000001        -1   # BR(~g -> ~d_R  db)
     3.04031858E-02    2    -2000001         1   # BR(~g -> ~d_R* d )
     3.00956469E-03    2     1000002        -2   # BR(~g -> ~u_L  ub)
     3.00956469E-03    2    -1000002         2   # BR(~g -> ~u_L* u )
     2.65828203E-02    2     2000002        -2   # BR(~g -> ~u_R  ub)
     2.65828203E-02    2    -2000002         2   # BR(~g -> ~u_R* u )
     2.86509304E-03    2     1000003        -3   # BR(~g -> ~s_L  sb)
     2.86509304E-03    2    -1000003         3   # BR(~g -> ~s_L* s )
     3.04031858E-02    2     2000003        -3   # BR(~g -> ~s_R  sb)
     3.04031858E-02    2    -2000003         3   # BR(~g -> ~s_R* s )
     3.00956469E-03    2     1000004        -4   # BR(~g -> ~c_L  cb)
     3.00956469E-03    2    -1000004         4   # BR(~g -> ~c_L* c )
     2.65828203E-02    2     2000004        -4   # BR(~g -> ~c_R  cb)
     2.65828203E-02    2    -2000004         4   # BR(~g -> ~c_R* c )
     2.05563217E-01    2     1000005        -5   # BR(~g -> ~b_1  bb)
     2.05563217E-01    2    -1000005         5   # BR(~g -> ~b_1* b )
     1.68715455E-01    2     1000006        -6   # BR(~g -> ~t_1  tb)
     1.68715455E-01    2    -1000006         6   # BR(~g -> ~t_1* t )
#
#         PDG            Width
DECAY   1000006     1.89445984E+01   # stop1 decays
#          BR         NDA      ID1       ID2
     2.11093800E-01    2     1000022         6   # BR(~t_1 -> ~chi_10 t )
     2.52813449E-01    2     1000023         6   # BR(~t_1 -> ~chi_20 t )
     8.81354346E-03    2     1000025         6   # BR(~t_1 -> ~chi_30 t )
     6.69797844E-02    2     1000035         6   # BR(~t_1 -> ~chi_40 t )
     1.70703566E-01    2     1000024         5   # BR(~t_1 -> ~chi_1+ b )
     1.22868155E-01    2     1000037         5   # BR(~t_1 -> ~chi_2+ b )
     1.66727702E-01    2     1000005        24   # BR(~t_1 -> ~b_1    W+)
#
#         PDG            Width
DECAY   2000006     3.84780395E+02   # stop2 decays
#          BR         NDA      ID1       ID2
     6.39429731E-02    2     1000022         6   # BR(~t_2 -> ~chi_10 t )
     7.64167315E-02    2     1000023         6   # BR(~t_2 -> ~chi_20 t )
     2.66052287E-02    2     1000025         6   # BR(~t_2 -> ~chi_30 t )
     5.79151731E-03    2     1000035         6   # BR(~t_2 -> ~chi_40 t )
     1.37221458E-01    2     1000024         5   # BR(~t_2 -> ~chi_1+ b )
     1.09755271E-02    2     1000037         5   # BR(~t_2 -> ~chi_2+ b )
     4.93126655E-01    2     1000021         6   # BR(~t_2 -> ~g      t )
     3.66507805E-02    2     1000006        25   # BR(~t_2 -> ~t_1    h )
     1.17761800E-06    2     1000006        35   # BR(~t_2 -> ~t_1    H )
     6.19830965E-06    2     1000006        36   # BR(~t_2 -> ~t_1    A )
     1.25064830E-05    2     1000005        37   # BR(~t_2 -> ~b_1    H+)
     4.66287392E-02    2     1000006        23   # BR(~t_2 -> ~t_1    Z )
     1.02620507E-01    2     1000005        24   # BR(~t_2 -> ~b_1    W+)
#
#         PDG            Width
DECAY   1000005     9.68282103E+00   # sbottom1 decays
#          BR         NDA      ID1       ID2
     1.31863582E-01    2     1000022         5   # BR(~b_1 -> ~chi_10 b )
     1.09973995E-01    2     1000023         5   # BR(~b_1 -> ~chi_20 b )
     1.77367164E-03    2     1000025         5   # BR(~b_1 -> ~chi_30 b )
     6.05754568E-02    2     1000035         5   # BR(~b_1 -> ~chi_40 b )
     6.83421352E-01    2    -1000024         6   # BR(~b_1 -> ~chi_1- t )
     1.23919433E-02    2    -1000037         6   # BR(~b_1 -> ~chi_2- t )
#
#         PDG            Width
DECAY   2000005     2.92755600E+02   # sbottom2 decays
#          BR         NDA      ID1       ID2
     3.39817070E-02    2     1000022         5   # BR(~b_2 -> ~chi_10 b )
     3.05314441E-02    2     1000023         5   # BR(~b_2 -> ~chi_20 b )
     1.00244293E-02    2     1000025         5   # BR(~b_2 -> ~chi_30 b )
     2.87074586E-04    2     1000035         5   # BR(~b_2 -> ~chi_40 b )
     6.42425711E-02    2    -1000024         6   # BR(~b_2 -> ~chi_1- t )
     4.81084606E-04    2    -1000037         6   # BR(~b_2 -> ~chi_2- t )
     8.60243504E-01    2     1000021         5   # BR(~b_2 -> ~g      b )
     2.55392140E-05    2     1000005        25   # BR(~b_2 -> ~b_1    h )
     1.54651003E-05    2     1000005        35   # BR(~b_2 -> ~b_1    H )
     1.57641603E-05    2     1000005        36   # BR(~b_2 -> ~b_1    A )
     2.95080464E-05    2     1000006       -37   # BR(~b_2 -> ~t_1    H-)
     1.52862210E-05    2     2000006       -37   # BR(~b_2 -> ~t_2    H-)
     3.90680710E-05    2     1000005        23   # BR(~b_2 -> ~b_1    Z )
     6.75529944E-05    2     1000006       -24   # BR(~b_2 -> ~t_1    W-)
     9.68743695E-10    2     2000006       -24   # BR(~b_2 -> ~t_2    W-)
#
#         PDG            Width
DECAY   1000002     1.52098386E+01   # sup_L decays
#          BR         NDA      ID1       ID2
     7.09435247E-03    2     1000022         2   # BR(~u_L -> ~chi_10 u)
     2.29037592E-03    2     1000023         2   # BR(~u_L -> ~chi_20 u)
     2.70429461E-02    2     1000025         2   # BR(~u_L -> ~chi_30 u)
     3.04313477E-01    2     1000035         2   # BR(~u_L -> ~chi_40 u)
     5.16689023E-02    2     1000024         1   # BR(~u_L -> ~chi_1+ d)
     6.07589946E-01    2     1000037         1   # BR(~u_L -> ~chi_2+ d)
#
#         PDG            Width
DECAY   2000002     2.68304510E+00   # sup_R decays
#          BR         NDA      ID1       ID2
     2.25937391E-02    2     1000022         2   # BR(~u_R -> ~chi_10 u)
     4.22145440E-03    2     1000023         2   # BR(~u_R -> ~chi_20 u)
     9.69925118E-01    2     1000025         2   # BR(~u_R -> ~chi_30 u)
     3.25968887E-03    2     1000035         2   # BR(~u_R -> ~chi_40 u)
#
#         PDG            Width
DECAY   1000001     1.51032671E+01   # sdown_L decays
#          BR         NDA      ID1       ID2
     1.39549338E-02    2     1000022         1   # BR(~d_L -> ~chi_10 d)
     3.91510438E-03    2     1000023         1   # BR(~d_L -> ~chi_20 d)
     3.33889818E-03    2     1000025         1   # BR(~d_L -> ~chi_30 d)
     3.21717634E-01    2     1000035         1   # BR(~d_L -> ~chi_40 d)
     5.90590433E-03    2    -1000024         2   # BR(~d_L -> ~chi_1- u)
     6.51167526E-01    2    -1000037         2   # BR(~d_L -> ~chi_2- u)
#
#         PDG            Width
DECAY   2000001     6.58898814E-01   # sdown_R decays
#          BR         NDA      ID1       ID2
     2.26782104E-02    2     1000022         1   # BR(~d_R -> ~chi_10 d)
     4.23637974E-03    2     1000023         1   # BR(~d_R -> ~chi_20 d)
     9.69840313E-01    2     1000025         1   # BR(~d_R -> ~chi_30 d)
     3.24509702E-03    2     1000035         1   # BR(~d_R -> ~chi_40 d)
#
#         PDG            Width
DECAY   1000004     1.52098386E+01   # scharm_L decays
#          BR         NDA      ID1       ID2
     7.09435247E-03    2     1000022         4   # BR(~c_L -> ~chi_10 c)
     2.29037592E-03    2     1000023         4   # BR(~c_L -> ~chi_20 c)
     2.70429461E-02    2     1000025         4   # BR(~c_L -> ~chi_30 c)
     3.04313477E-01    2     1000035         4   # BR(~c_L -> ~chi_40 c)
     5.16689023E-02    2     1000024         3   # BR(~c_L -> ~chi_1+ s)
     6.07589946E-01    2     1000037         3   # BR(~c_L -> ~chi_2+ s)
#
#         PDG            Width
DECAY   2000004     2.68304510E+00   # scharm_R decays
#          BR         NDA      ID1       ID2
     2.25937391E-02    2     1000022         4   # BR(~c_R -> ~chi_10 c)
     4.22145440E-03    2     1000023         4   # BR(~c_R -> ~chi_20 c)
     9.69925118E-01    2     1000025         4   # BR(~c_R -> ~chi_30 c)
     3.25968887E-03    2     1000035         4   # BR(~c_R -> ~chi_40 c)
#
#         PDG            Width
DECAY   1000003     1.51032671E+01   # sstrange_L decays
#          BR         NDA      ID1       ID2
     1.39549338E-02    2     1000022         3   # BR(~s_L -> ~chi_10 s)
     3.91510438E-03    2     1000023         3   # BR(~s_L -> ~chi_20 s)
     3.33889818E-03    2     1000025         3   # BR(~s_L -> ~chi_30 s)
     3.21717634E-01    2     1000035         3   # BR(~s_L -> ~chi_40 s)
     5.90590433E-03    2    -1000024         4   # BR(~s_L -> ~chi_1- c)
     6.51167526E-01    2    -1000037         4   # BR(~s_L -> ~chi_2- c)
#
#         PDG            Width
DECAY   2000003     6.58898814E-01   # sstrange_R decays
#          BR         NDA      ID1       ID2
     2.26782104E-02    2     1000022         3   # BR(~s_R -> ~chi_10 s)
     4.23637974E-03    2     1000023         3   # BR(~s_R -> ~chi_20 s)
     9.69840313E-01    2     1000025         3   # BR(~s_R -> ~chi_30 s)
     3.24509702E-03    2     1000035         3   # BR(~s_R -> ~chi_40 s)
#
#         PDG            Width
DECAY   1000011     4.91586367E+00   # selectron_L decays
#          BR         NDA      ID1       ID2
     4.18708406E-03    2     1000022        11   # BR(~e_L -> ~chi_10 e-)
     1.78413710E-03    2     1000023        11   # BR(~e_L -> ~chi_20 e-)
     1.83504492E-01    2     1000025        11   # BR(~e_L -> ~chi_30 e-)
     2.48193208E-01    2     1000035        11   # BR(~e_L -> ~chi_40 e-)
     9.44601207E-03    2    -1000024        12   # BR(~e_L -> ~chi_1- nu_e)
     5.52885067E-01    2    -1000037        12   # BR(~e_L -> ~chi_2- nu_e)
#
#         PDG            Width
DECAY   2000011     3.01834500E+00   # selectron_R decays
#          BR         NDA      ID1       ID2
     2.78685245E-02    2     1000022        11   # BR(~e_R -> ~chi_10 e-)
     5.14994472E-03    2     1000023        11   # BR(~e_R -> ~chi_20 e-)
     9.64528540E-01    2     1000025        11   # BR(~e_R -> ~chi_30 e-)
     2.45299053E-03    2     1000035        11   # BR(~e_R -> ~chi_40 e-)
#
#         PDG            Width
DECAY   1000013     4.91586367E+00   # smuon_L decays
#          BR         NDA      ID1       ID2
     4.18708406E-03    2     1000022        13   # BR(~mu_L -> ~chi_10 mu-)
     1.78413710E-03    2     1000023        13   # BR(~mu_L -> ~chi_20 mu-)
     1.83504492E-01    2     1000025        13   # BR(~mu_L -> ~chi_30 mu-)
     2.48193208E-01    2     1000035        13   # BR(~mu_L -> ~chi_40 mu-)
     9.44601207E-03    2    -1000024        14   # BR(~mu_L -> ~chi_1- nu_mu)
     5.52885067E-01    2    -1000037        14   # BR(~mu_L -> ~chi_2- nu_mu)
#
#         PDG            Width
DECAY   2000013     3.01834500E+00   # smuon_R decays
#          BR         NDA      ID1       ID2
     2.78685245E-02    2     1000022        13   # BR(~mu_R -> ~chi_10 mu-)
     5.14994472E-03    2     1000023        13   # BR(~mu_R -> ~chi_20 mu-)
     9.64528540E-01    2     1000025        13   # BR(~mu_R -> ~chi_30 mu-)
     2.45299053E-03    2     1000035        13   # BR(~mu_R -> ~chi_40 mu-)
#
#         PDG            Width
DECAY   1000015     5.89033014E+00   # stau_1 decays
#          BR         NDA      ID1       ID2
     1.51238564E-01    2     1000022        15   # BR(~tau_1 -> ~chi_10  tau-)
     1.11336641E-01    2     1000023        15   # BR(~tau_1 -> ~chi_20  tau-)
     4.89066192E-01    2     1000025        15   # BR(~tau_1 -> ~chi_30  tau-)
     1.34581028E-03    2     1000035        15   # BR(~tau_1 -> ~chi_40  tau-)
     2.46422511E-01    2    -1000024        16   # BR(~tau_1 -> ~chi_1-  nu_tau)
     5.90281430E-04    2    -1000037        16   # BR(~tau_1 -> ~chi_2-  nu_tau)
#
#         PDG            Width
DECAY   2000015     8.13939906E+00   # stau_2 decays
#          BR         NDA      ID1       ID2
     9.53962181E-02    2     1000022        15   # BR(~tau_2 -> ~chi_10  tau-)
     9.35986563E-02    2     1000023        15   # BR(~tau_2 -> ~chi_20  tau-)
     1.38732465E-01    2     1000025        15   # BR(~tau_2 -> ~chi_30  tau-)
     2.08071084E-01    2     1000035        15   # BR(~tau_2 -> ~chi_40  tau-)
     2.30258647E-03    2    -1000024        16   # BR(~tau_2 -> ~chi_1-  nu_tau)
     4.61898989E-01    2    -1000037        16   # BR(~tau_2 -> ~chi_2-  nu_tau)
#
#         PDG            Width
DECAY   1000012     5.00359017E+00   # snu_eL decays
#          BR         NDA      ID1       ID2
     3.61698904E-02    2     1000022        12   # BR(~nu_eL -> ~chi_10 nu_e)
     9.20823654E-03    2     1000023        12   # BR(~nu_eL -> ~chi_20 nu_e)
     9.34537291E-02    2     1000025        12   # BR(~nu_eL -> ~chi_30 nu_e)
     2.76313299E-01    2     1000035        12   # BR(~nu_eL -> ~chi_40 nu_e)
     8.14212999E-02    2     1000024        11   # BR(~nu_eL -> ~chi_1+ e-)
     5.03433545E-01    2     1000037        11   # BR(~nu_eL -> ~chi_2+ e-)
#
#         PDG            Width
DECAY   1000014     5.00359017E+00   # snu_muL decays
#          BR         NDA      ID1       ID2
     3.61698904E-02    2     1000022        14   # BR(~nu_muL -> ~chi_10 nu_mu)
     9.20823654E-03    2     1000023        14   # BR(~nu_muL -> ~chi_20 nu_mu)
     9.34537291E-02    2     1000025        14   # BR(~nu_muL -> ~chi_30 nu_mu)
     2.76313299E-01    2     1000035        14   # BR(~nu_muL -> ~chi_40 nu_mu)
     8.14212999E-02    2     1000024        13   # BR(~nu_muL -> ~chi_1+ mu-)
     5.03433545E-01    2     1000037        13   # BR(~nu_muL -> ~chi_2+ mu-)
#
#         PDG            Width
DECAY   1000016     8.25028242E+00   # snu_tauL decays
#          BR         NDA      ID1       ID2
     2.48323199E-02    2     1000022        16   # BR(~nu_tauL -> ~chi_10 nu_tau)
     6.34716253E-03    2     1000023        16   # BR(~nu_tauL -> ~chi_20 nu_tau)
     6.97130287E-02    2     1000025        16   # BR(~nu_tauL -> ~chi_30 nu_tau)
     2.32834148E-01    2     1000035        16   # BR(~nu_tauL -> ~chi_40 nu_tau)
     2.41376008E-01    2     1000024        15   # BR(~nu_tauL -> ~chi_1+ tau-)
     4.24897332E-01    2     1000037        15   # BR(~nu_tauL -> ~chi_2+ tau-)
#
#         PDG            Width
DECAY   1000024     5.70457936E-08   # chargino1+ decays
#           BR         NDA      ID1       ID2       ID3
     3.54418784E-01    3     1000022         2        -1   # BR(~chi_1+ -> ~chi_10 u    db)
     3.12184773E-01    3     1000022         4        -3   # BR(~chi_1+ -> ~chi_10 c    sb)
     1.18200623E-01    3     1000022       -11        12   # BR(~chi_1+ -> ~chi_10 e+   nu_e)
     1.18115412E-01    3     1000022       -13        14   # BR(~chi_1+ -> ~chi_10 mu+  nu_mu)
     9.70804078E-02    3     1000022       -15        16   # BR(~chi_1+ -> ~chi_10 tau+ nu_tau)
#
#         PDG            Width
DECAY   1000037     3.44347105E+00   # chargino2+ decays
#          BR         NDA      ID1       ID2
     2.60644583E-01    2     1000024        23   # BR(~chi_2+ -> ~chi_1+  Z )
     2.30388727E-01    2     1000022        24   # BR(~chi_2+ -> ~chi_10  W+)
     2.66320152E-01    2     1000023        24   # BR(~chi_2+ -> ~chi_20  W+)
     1.15418629E-02    2     1000025        24   # BR(~chi_2+ -> ~chi_30  W+)
     2.31104675E-01    2     1000024        25   # BR(~chi_2+ -> ~chi_1+  h )
#
#         PDG            Width
DECAY   1000022     0.00000000E+00   # neutralino1 decays
#
#         PDG            Width
DECAY   1000023     3.48539636E-06   # neutralino2 decays
#          BR         NDA      ID1       ID2
     3.07562770E-03    2     1000022        22   # BR(~chi_20 -> ~chi_10 gam)
#           BR         NDA      ID1       ID2       ID3
     1.06180786E-01    3     1000022        -2         2   # BR(~chi_20 -> ~chi_10 ub      u)
     1.37494263E-01    3     1000022        -1         1   # BR(~chi_20 -> ~chi_10 db      d)
     1.02971930E-01    3     1000022        -4         4   # BR(~chi_20 -> ~chi_10 cb      c)
     1.37396157E-01    3     1000022        -3         3   # BR(~chi_20 -> ~chi_10 sb      s)
     8.17802437E-02    3     1000022        -5         5   # BR(~chi_20 -> ~chi_10 bb      b)
     3.14127872E-02    3     1000022       -11        11   # BR(~chi_20 -> ~chi_10 e+      e-)
     3.14091222E-02    3     1000022       -13        13   # BR(~chi_20 -> ~chi_10 mu+     mu-)
     3.02057880E-02    3     1000022       -15        15   # BR(~chi_20 -> ~chi_10 tau+    tau-)
     6.28005416E-02    3     1000022       -12        12   # BR(~chi_20 -> ~chi_10 nu_eb   nu_e)
     6.28005416E-02    3     1000022       -14        14   # BR(~chi_20 -> ~chi_10 nu_mub  nu_mu)
     6.27925471E-02    3     1000022       -16        16   # BR(~chi_20 -> ~chi_10 nu_taub nu_tau)
     2.58102963E-02    3     1000024        -2         1   # BR(~chi_20 -> ~chi_1+ ub      d)
     2.58102963E-02    3    -1000024        -1         2   # BR(~chi_20 -> ~chi_1- db      u)
     2.40970354E-02    3     1000024        -4         3   # BR(~chi_20 -> ~chi_1+ cb      s)
     2.40970354E-02    3    -1000024        -3         4   # BR(~chi_20 -> ~chi_1- sb      c)
     8.60589834E-03    3     1000024       -12        11   # BR(~chi_20 -> ~chi_1+ nu_eb   e-)
     8.60589834E-03    3    -1000024        12       -11   # BR(~chi_20 -> ~chi_1- nu_e    e+)
     8.60251094E-03    3     1000024       -14        13   # BR(~chi_20 -> ~chi_1+ nu_mub  mu-)
     8.60251094E-03    3    -1000024        14       -13   # BR(~chi_20 -> ~chi_1- nu_mu   mu+)
     7.72409150E-03    3     1000024       -16        15   # BR(~chi_20 -> ~chi_1+ nu_taub tau-)
     7.72409150E-03    3    -1000024        16       -15   # BR(~chi_20 -> ~chi_1- nu_tau  tau+)
#
#         PDG            Width
DECAY   1000025     5.98519527E-01   # neutralino3 decays
#          BR         NDA      ID1       ID2
     3.16683554E-02    2     1000022        23   # BR(~chi_30 -> ~chi_10   Z )
     1.57524493E-01    2     1000023        23   # BR(~chi_30 -> ~chi_20   Z )
     3.37530533E-01    2     1000024       -24   # BR(~chi_30 -> ~chi_1+   W-)
     3.37530533E-01    2    -1000024        24   # BR(~chi_30 -> ~chi_1-   W+)
     1.22586545E-01    2     1000022        25   # BR(~chi_30 -> ~chi_10   h )
     1.31595409E-02    2     1000023        25   # BR(~chi_30 -> ~chi_20   h )
#
#         PDG            Width
DECAY   1000035     3.41753506E+00   # neutralino4 decays
#          BR         NDA      ID1       ID2
     5.15164051E-02    2     1000022        23   # BR(~chi_40 -> ~chi_10   Z )
     2.14679474E-01    2     1000023        23   # BR(~chi_40 -> ~chi_20   Z )
     5.93246030E-04    2     1000025        23   # BR(~chi_40 -> ~chi_30   Z )
     2.61351314E-01    2     1000024       -24   # BR(~chi_40 -> ~chi_1+   W-)
     2.61351314E-01    2    -1000024        24   # BR(~chi_40 -> ~chi_1-   W+)
     1.62849619E-01    2     1000022        25   # BR(~chi_40 -> ~chi_10   h )
     4.27405778E-02    2     1000023        25   # BR(~chi_40 -> ~chi_20   h )
     4.91804991E-03    2     1000025        25   # BR(~chi_40 -> ~chi_30   h )
#
#         PDG            Width
DECAY        25     5.31504188E-03   # h decays
#          BR         NDA      ID1       ID2
     6.96374243E-01    2           5        -5   # BR(h -> b       bb     )
     7.13653005E-02    2         -15        15   # BR(h -> tau+    tau-   )
     2.52610260E-04    2         -13        13   # BR(h -> mu+     mu-    )
     5.33479284E-04    2           3        -3   # BR(h -> s       sb     )
     1.58252525E-02    2           4        -4   # BR(h -> c       cb     )
     5.04620814E-02    2          21        21   # BR(h -> g       g      )
     1.73505029E-03    2          22        22   # BR(h -> gam     gam    )
     1.10862295E-03    2          22        23   # BR(h -> Z       gam    )
     1.44282051E-01    2          24       -24   # BR(h -> W+      W-     )
     1.80613095E-02    2          23        23   # BR(h -> Z       Z      )
#
#         PDG            Width
DECAY        35     5.72417348E+00   # H decays
#          BR         NDA      ID1       ID2
     8.74433026E-01    2           5        -5   # BR(H -> b       bb     )
     1.09921734E-01    2         -15        15   # BR(H -> tau+    tau-   )
     3.88669936E-04    2         -13        13   # BR(H -> mu+     mu-    )
     6.59002155E-04    2           3        -3   # BR(H -> s       sb     )
     6.00569701E-08    2           4        -4   # BR(H -> c       cb     )
     1.93642108E-04    2           6        -6   # BR(H -> t       tb     )
     4.06526163E-04    2          21        21   # BR(H -> g       g      )
     5.53948106E-07    2          22        22   # BR(H -> gam     gam    )
     8.86249205E-08    2          23        22   # BR(H -> Z       gam    )
     1.04100901E-04    2          24       -24   # BR(H -> W+      W-     )
     4.78596117E-05    2          23        23   # BR(H -> Z       Z      )
     3.66277465E-04    2          25        25   # BR(H -> h       h      )
    -2.11398338E-22    2          36        36   # BR(H -> A       A      )
     5.28730614E-18    2          23        36   # BR(H -> Z       A      )
     7.56431314E-03    2     1000024  -1000024   # BR(H -> ~chi_1+ ~chi_1-)
     4.24584086E-03    2     1000022   1000022   # BR(H -> ~chi_10 ~chi_10)
     5.22987344E-04    2     1000023   1000023   # BR(H -> ~chi_20 ~chi_20)
     1.14531757E-03    2     1000022   1000023   # BR(H -> ~chi_10 ~chi_20)
#
#         PDG            Width
DECAY        36     5.85324670E+00   # A decays
#          BR         NDA      ID1       ID2
     8.55617045E-01    2           5        -5   # BR(A -> b       bb     )
     1.07532107E-01    2         -15        15   # BR(A -> tau+    tau-   )
     3.80183010E-04    2         -13        13   # BR(A -> mu+     mu-    )
     6.44705113E-04    2           3        -3   # BR(A -> s       sb     )
     4.01929489E-08    2           4        -4   # BR(A -> c       cb     )
     1.80742949E-03    2           6        -6   # BR(A -> t       tb     )
     3.12397823E-04    2          21        21   # BR(A -> g       g      )
     3.17725276E-07    2          22        22   # BR(A -> gam     gam    )
     3.41723535E-08    2          23        22   # BR(A -> Z       gam    )
     6.88657272E-05    2          23        25   # BR(A -> Z       h      )
     2.10049121E-02    2     1000024  -1000024   # BR(A -> ~chi_1+ ~chi_1-)
     1.07085277E-02    2     1000022   1000022   # BR(A -> ~chi_10 ~chi_10)
     1.68172678E-03    2     1000023   1000023   # BR(A -> ~chi_20 ~chi_20)
     2.41708633E-04    2     1000022   1000023   # BR(A -> ~chi_10 ~chi_20)
#
#         PDG            Width
DECAY        37     4.53429751E+00   # H+ decays
#          BR         NDA      ID1       ID2
     1.74843940E-03    2           4        -5   # BR(H+ -> c       bb     )
     1.42674146E-01    2         -15        16   # BR(H+ -> tau+    nu_tau )
     5.04427420E-04    2         -13        14   # BR(H+ -> mu+     nu_mu  )
     1.11893189E-05    2           2        -5   # BR(H+ -> u       bb     )
     4.03891245E-05    2           2        -3   # BR(H+ -> u       sb     )
     8.30752443E-04    2           4        -3   # BR(H+ -> c       sb     )
     8.51284927E-01    2           6        -5   # BR(H+ -> t       bb     )
     1.07878279E-04    2          24        25   # BR(H+ -> W+      h      )
     2.72198728E-08    2          24        36   # BR(H+ -> W+      A      )
     8.47011065E-06    2     1000024   1000022   # BR(H+ -> ~chi_1+ ~chi_10)
     2.78935369E-03    2     1000024   1000023   # BR(H+ -> ~chi_1+ ~chi_20)
